/*C2*/SET SCHEMA PUBLIC
CREATE TABLE USUARIOS (\u000a  ID INTEGER IDENTITY PRIMARY KEY,\u000a  LOGIN VARCHAR(30),\u000a  SENHA  VARCHAR(50)\u000a)
DROP TABLE USUARIOS
CREATE TABLE USUARIOS (\u000a  ID INTEGER IDENTITY PRIMARY KEY,\u000a  LOGIN VARCHAR(30),\u000a  SENHA  VARCHAR(50)\u000a)
INSERT INTO USUARIOS VALUES(0,'user','1234')
COMMIT
DROP TABLE USUARIOS
CREATE TABLE USUARIOS (\u000a  ID INTEGER IDENTITY PRIMARY KEY,\u000a  LOGIN VARCHAR(30),\u000a  SENHA  VARCHAR(50)\u000a)
INSERT INTO USUARIOS VALUES(0,'user','1234')
COMMIT
DROP TABLE USUARIOS
CREATE TABLE USUARIOS (\u000a  ID INTEGER IDENTITY PRIMARY KEY,\u000a  LOGIN VARCHAR(30),\u000a  SENHA  VARCHAR(50)\u000a)
INSERT INTO USUARIOS VALUES(0,'user','1234')
COMMIT
DROP TABLE USUARIOS
CREATE TABLE USUARIOS (\u000a  ID INTEGER IDENTITY PRIMARY KEY,\u000a  LOGIN VARCHAR(30) NOT NULL UNIQUE,\u000a  SENHA  VARCHAR(50) NOT NULL\u000a)
INSERT INTO USUARIOS VALUES(0,'user','1234')
COMMIT
DROP TABLE USUARIOS
CREATE TABLE USUARIOS (\u000a  ID INTEGER IDENTITY PRIMARY KEY,\u000a  LOGIN VARCHAR(30) NOT NULL UNIQUE,\u000a  SENHA  VARCHAR(50) NOT NULL\u000a)
INSERT INTO USUARIOS VALUES(0,'user','1234')
COMMIT
DROP TABLE USUARIOS
CREATE TABLE USUARIOS (\u000a  ID INTEGER IDENTITY PRIMARY KEY,\u000a  LOGIN VARCHAR(30) NOT NULL UNIQUE,\u000a  SENHA  VARCHAR(50) NOT NULL\u000a)
INSERT INTO USUARIOS VALUES(0,'user','1234')
COMMIT
DROP TABLE USUARIOS
CREATE TABLE USUARIOS (\u000a  ID INTEGER IDENTITY PRIMARY KEY,\u000a  LOGIN VARCHAR(30) NOT NULL UNIQUE,\u000a  SENHA  VARCHAR(50) NOT NULL\u000a)
INSERT INTO USUARIOS VALUES(0,'usuario1','1234')
COMMIT
INSERT INTO USUARIOS VALUES(1,'usuario2','1234')
COMMIT
DISCONNECT
