/*C1*/SET SCHEMA SYSTEM_LOBS
INSERT INTO BLOCKS VALUES(0,2147483647,0)
COMMIT
/*C2*/SET SCHEMA PUBLIC
create table USUARIOS (id integer generated by default as identity (start with 1), login varchar(255), senha varchar(255), primary key (id))
INSERT INTO USUARIOS VALUES(1,'123','123')
COMMIT
/*C3*/SET SCHEMA PUBLIC
DISCONNECT
/*C4*/SET SCHEMA PUBLIC
DISCONNECT
/*C6*/SET SCHEMA PUBLIC
DELETE FROM USUARIOS WHERE ID=1
COMMIT
INSERT INTO USUARIOS VALUES(2,'usuario1','1234')
COMMIT
INSERT INTO USUARIOS VALUES(3,'usuario2','1234')
COMMIT
DISCONNECT
/*C5*/SET SCHEMA PUBLIC
DISCONNECT
/*C2*/DISCONNECT
/*C7*/SET SCHEMA PUBLIC
DISCONNECT
/*C8*/SET SCHEMA PUBLIC
DISCONNECT
/*C9*/SET SCHEMA PUBLIC
DISCONNECT
